<?xml version="1.0" encoding="UTF-8"?>
<testng-results ignored="0" total="85" passed="80" failed="5" skipped="0">
  <reporter-output>
  </reporter-output>
  <suite started-at="2023-05-26T23:56:08 IST" name="Default suite" finished-at="2023-05-27T00:20:03 IST" duration-ms="1435464">
    <groups>
      <group name="cucumber">
        <method signature="AbstractTestNGCucumberTests.runScenario(io.cucumber.testng.PickleWrapper,io.cucumber.testng.FeatureWrapper)[pri:0, instance:Runner.Test_Runner@6574a52c]" name="runScenario" class="io.cucumber.testng.AbstractTestNGCucumberTests"/>
      </group> <!-- cucumber -->
    </groups>
    <test started-at="2023-05-26T23:56:08 IST" name="Default test" finished-at="2023-05-27T00:20:03 IST" duration-ms="1435464">
      <class name="Runner.Test_Runner">
        <test-method is-config="true" signature="setUpClass()[pri:0, instance:Runner.Test_Runner@6574a52c]" started-at="2023-05-26T23:56:08 IST" name="setUpClass" finished-at="2023-05-26T23:56:09 IST" duration-ms="1281" status="PASS">
          <reporter-output>
          </reporter-output>
        </test-method> <!-- setUpClass -->
        <test-method signature="runScenario(io.cucumber.testng.PickleWrapper,io.cucumber.testng.FeatureWrapper)[pri:0, instance:Runner.Test_Runner@6574a52c]" started-at="2023-05-26T23:56:09 IST" name="runScenario" description="Runs Cucumber Scenarios" data-provider="scenarios" finished-at="2023-05-26T23:56:28 IST" duration-ms="19067" status="PASS">
          <params>
            <param index="0">
              <value>
                <![CDATA["verify My account"]]>
              </value>
            </param>
            <param index="1">
              <value>
                <![CDATA["Optional[OpenMRS headerpage application]"]]>
              </value>
            </param>
          </params>
          <reporter-output>
          </reporter-output>
        </test-method> <!-- runScenario -->
        <test-method signature="runScenario(io.cucumber.testng.PickleWrapper,io.cucumber.testng.FeatureWrapper)[pri:0, instance:Runner.Test_Runner@6574a52c]" started-at="2023-05-26T23:56:28 IST" name="runScenario" description="Runs Cucumber Scenarios" data-provider="scenarios" finished-at="2023-05-26T23:56:46 IST" duration-ms="17537" status="PASS">
          <params>
            <param index="0">
              <value>
                <![CDATA["verify change password"]]>
              </value>
            </param>
            <param index="1">
              <value>
                <![CDATA["Optional[OpenMRS headerpage application]"]]>
              </value>
            </param>
          </params>
          <reporter-output>
          </reporter-output>
        </test-method> <!-- runScenario -->
        <test-method signature="runScenario(io.cucumber.testng.PickleWrapper,io.cucumber.testng.FeatureWrapper)[pri:0, instance:Runner.Test_Runner@6574a52c]" started-at="2023-05-26T23:56:46 IST" name="runScenario" description="Runs Cucumber Scenarios" data-provider="scenarios" finished-at="2023-05-26T23:57:02 IST" duration-ms="16553" status="PASS">
          <params>
            <param index="0">
              <value>
                <![CDATA["verify My Languages"]]>
              </value>
            </param>
            <param index="1">
              <value>
                <![CDATA["Optional[OpenMRS headerpage application]"]]>
              </value>
            </param>
          </params>
          <reporter-output>
          </reporter-output>
        </test-method> <!-- runScenario -->
        <test-method signature="runScenario(io.cucumber.testng.PickleWrapper,io.cucumber.testng.FeatureWrapper)[pri:0, instance:Runner.Test_Runner@6574a52c]" started-at="2023-05-26T23:57:02 IST" name="runScenario" description="Runs Cucumber Scenarios" data-provider="scenarios" finished-at="2023-05-26T23:57:26 IST" duration-ms="23984" status="PASS">
          <params>
            <param index="0">
              <value>
                <![CDATA["verify My Languages"]]>
              </value>
            </param>
            <param index="1">
              <value>
                <![CDATA["Optional[OpenMRS headerpage application]"]]>
              </value>
            </param>
          </params>
          <reporter-output>
          </reporter-output>
        </test-method> <!-- runScenario -->
        <test-method signature="runScenario(io.cucumber.testng.PickleWrapper,io.cucumber.testng.FeatureWrapper)[pri:0, instance:Runner.Test_Runner@6574a52c]" started-at="2023-05-26T23:57:26 IST" name="runScenario" description="Runs Cucumber Scenarios" data-provider="scenarios" finished-at="2023-05-26T23:57:43 IST" duration-ms="16568" status="PASS">
          <params>
            <param index="0">
              <value>
                <![CDATA["verify My Languages"]]>
              </value>
            </param>
            <param index="1">
              <value>
                <![CDATA["Optional[OpenMRS headerpage application]"]]>
              </value>
            </param>
          </params>
          <reporter-output>
          </reporter-output>
        </test-method> <!-- runScenario -->
        <test-method signature="runScenario(io.cucumber.testng.PickleWrapper,io.cucumber.testng.FeatureWrapper)[pri:0, instance:Runner.Test_Runner@6574a52c]" started-at="2023-05-26T23:57:43 IST" name="runScenario" description="Runs Cucumber Scenarios" data-provider="scenarios" finished-at="2023-05-26T23:57:59 IST" duration-ms="16108" status="PASS">
          <params>
            <param index="0">
              <value>
                <![CDATA["verify My Languages"]]>
              </value>
            </param>
            <param index="1">
              <value>
                <![CDATA["Optional[OpenMRS headerpage application]"]]>
              </value>
            </param>
          </params>
          <reporter-output>
          </reporter-output>
        </test-method> <!-- runScenario -->
        <test-method signature="runScenario(io.cucumber.testng.PickleWrapper,io.cucumber.testng.FeatureWrapper)[pri:0, instance:Runner.Test_Runner@6574a52c]" started-at="2023-05-26T23:57:59 IST" name="runScenario" description="Runs Cucumber Scenarios" data-provider="scenarios" finished-at="2023-05-26T23:58:20 IST" duration-ms="20942" status="PASS">
          <params>
            <param index="0">
              <value>
                <![CDATA["verify My Languages"]]>
              </value>
            </param>
            <param index="1">
              <value>
                <![CDATA["Optional[OpenMRS headerpage application]"]]>
              </value>
            </param>
          </params>
          <reporter-output>
          </reporter-output>
        </test-method> <!-- runScenario -->
        <test-method signature="runScenario(io.cucumber.testng.PickleWrapper,io.cucumber.testng.FeatureWrapper)[pri:0, instance:Runner.Test_Runner@6574a52c]" started-at="2023-05-26T23:58:20 IST" name="runScenario" description="Runs Cucumber Scenarios" data-provider="scenarios" finished-at="2023-05-26T23:58:38 IST" duration-ms="17800" status="PASS">
          <params>
            <param index="0">
              <value>
                <![CDATA["verify find patient record"]]>
              </value>
            </param>
            <param index="1">
              <value>
                <![CDATA["Optional[OpenMRS application]"]]>
              </value>
            </param>
          </params>
          <reporter-output>
          </reporter-output>
        </test-method> <!-- runScenario -->
        <test-method signature="runScenario(io.cucumber.testng.PickleWrapper,io.cucumber.testng.FeatureWrapper)[pri:0, instance:Runner.Test_Runner@6574a52c]" started-at="2023-05-26T23:58:38 IST" name="runScenario" description="Runs Cucumber Scenarios" data-provider="scenarios" finished-at="2023-05-26T23:58:58 IST" duration-ms="20596" status="PASS">
          <params>
            <param index="0">
              <value>
                <![CDATA["verify find patient details"]]>
              </value>
            </param>
            <param index="1">
              <value>
                <![CDATA["Optional[OpenMRS application]"]]>
              </value>
            </param>
          </params>
          <reporter-output>
          </reporter-output>
        </test-method> <!-- runScenario -->
        <test-method signature="runScenario(io.cucumber.testng.PickleWrapper,io.cucumber.testng.FeatureWrapper)[pri:0, instance:Runner.Test_Runner@6574a52c]" started-at="2023-05-26T23:58:58 IST" name="runScenario" description="Runs Cucumber Scenarios" data-provider="scenarios" finished-at="2023-05-26T23:59:20 IST" duration-ms="21932" status="PASS">
          <params>
            <param index="0">
              <value>
                <![CDATA["verify find particular patient details"]]>
              </value>
            </param>
            <param index="1">
              <value>
                <![CDATA["Optional[OpenMRS application]"]]>
              </value>
            </param>
          </params>
          <reporter-output>
          </reporter-output>
        </test-method> <!-- runScenario -->
        <test-method signature="runScenario(io.cucumber.testng.PickleWrapper,io.cucumber.testng.FeatureWrapper)[pri:0, instance:Runner.Test_Runner@6574a52c]" started-at="2023-05-26T23:59:20 IST" name="runScenario" description="Runs Cucumber Scenarios" data-provider="scenarios" finished-at="2023-05-26T23:59:36 IST" duration-ms="15317" status="PASS">
          <params>
            <param index="0">
              <value>
                <![CDATA["verify find particular patient details"]]>
              </value>
            </param>
            <param index="1">
              <value>
                <![CDATA["Optional[OpenMRS application]"]]>
              </value>
            </param>
          </params>
          <reporter-output>
          </reporter-output>
        </test-method> <!-- runScenario -->
        <test-method signature="runScenario(io.cucumber.testng.PickleWrapper,io.cucumber.testng.FeatureWrapper)[pri:0, instance:Runner.Test_Runner@6574a52c]" started-at="2023-05-26T23:59:36 IST" name="runScenario" description="Runs Cucumber Scenarios" data-provider="scenarios" finished-at="2023-05-26T23:59:54 IST" duration-ms="18454" status="PASS">
          <params>
            <param index="0">
              <value>
                <![CDATA["verify find particular patient details"]]>
              </value>
            </param>
            <param index="1">
              <value>
                <![CDATA["Optional[OpenMRS application]"]]>
              </value>
            </param>
          </params>
          <reporter-output>
          </reporter-output>
        </test-method> <!-- runScenario -->
        <test-method signature="runScenario(io.cucumber.testng.PickleWrapper,io.cucumber.testng.FeatureWrapper)[pri:0, instance:Runner.Test_Runner@6574a52c]" started-at="2023-05-26T23:59:54 IST" name="runScenario" description="Runs Cucumber Scenarios" data-provider="scenarios" finished-at="2023-05-27T00:00:09 IST" duration-ms="15006" status="PASS">
          <params>
            <param index="0">
              <value>
                <![CDATA["verify find particular patient details"]]>
              </value>
            </param>
            <param index="1">
              <value>
                <![CDATA["Optional[OpenMRS application]"]]>
              </value>
            </param>
          </params>
          <reporter-output>
          </reporter-output>
        </test-method> <!-- runScenario -->
        <test-method signature="runScenario(io.cucumber.testng.PickleWrapper,io.cucumber.testng.FeatureWrapper)[pri:0, instance:Runner.Test_Runner@6574a52c]" started-at="2023-05-27T00:00:09 IST" name="runScenario" description="Runs Cucumber Scenarios" data-provider="scenarios" finished-at="2023-05-27T00:00:24 IST" duration-ms="15181" status="PASS">
          <params>
            <param index="0">
              <value>
                <![CDATA["verify find particular patient details"]]>
              </value>
            </param>
            <param index="1">
              <value>
                <![CDATA["Optional[OpenMRS application]"]]>
              </value>
            </param>
          </params>
          <reporter-output>
          </reporter-output>
        </test-method> <!-- runScenario -->
        <test-method signature="runScenario(io.cucumber.testng.PickleWrapper,io.cucumber.testng.FeatureWrapper)[pri:0, instance:Runner.Test_Runner@6574a52c]" started-at="2023-05-27T00:00:24 IST" name="runScenario" description="Runs Cucumber Scenarios" data-provider="scenarios" finished-at="2023-05-27T00:00:48 IST" duration-ms="23759" status="PASS">
          <params>
            <param index="0">
              <value>
                <![CDATA["verify find patient record by id"]]>
              </value>
            </param>
            <param index="1">
              <value>
                <![CDATA["Optional[OpenMRS application]"]]>
              </value>
            </param>
          </params>
          <reporter-output>
          </reporter-output>
        </test-method> <!-- runScenario -->
        <test-method signature="runScenario(io.cucumber.testng.PickleWrapper,io.cucumber.testng.FeatureWrapper)[pri:0, instance:Runner.Test_Runner@6574a52c]" started-at="2023-05-27T00:00:48 IST" name="runScenario" description="Runs Cucumber Scenarios" data-provider="scenarios" finished-at="2023-05-27T00:01:08 IST" duration-ms="20341" status="PASS">
          <params>
            <param index="0">
              <value>
                <![CDATA["verify find patient record by id"]]>
              </value>
            </param>
            <param index="1">
              <value>
                <![CDATA["Optional[OpenMRS application]"]]>
              </value>
            </param>
          </params>
          <reporter-output>
          </reporter-output>
        </test-method> <!-- runScenario -->
        <test-method signature="runScenario(io.cucumber.testng.PickleWrapper,io.cucumber.testng.FeatureWrapper)[pri:0, instance:Runner.Test_Runner@6574a52c]" started-at="2023-05-27T00:01:08 IST" name="runScenario" description="Runs Cucumber Scenarios" data-provider="scenarios" finished-at="2023-05-27T00:01:28 IST" duration-ms="19959" status="PASS">
          <params>
            <param index="0">
              <value>
                <![CDATA["verify find patient details"]]>
              </value>
            </param>
            <param index="1">
              <value>
                <![CDATA["Optional[OpenMRS application]"]]>
              </value>
            </param>
          </params>
          <reporter-output>
          </reporter-output>
        </test-method> <!-- runScenario -->
        <test-method signature="runScenario(io.cucumber.testng.PickleWrapper,io.cucumber.testng.FeatureWrapper)[pri:0, instance:Runner.Test_Runner@6574a52c]" started-at="2023-05-27T00:01:28 IST" name="runScenario" description="Runs Cucumber Scenarios" data-provider="scenarios" finished-at="2023-05-27T00:01:49 IST" duration-ms="20626" status="PASS">
          <params>
            <param index="0">
              <value>
                <![CDATA["verify Active Visits"]]>
              </value>
            </param>
            <param index="1">
              <value>
                <![CDATA["Optional[OpenMRS application]"]]>
              </value>
            </param>
          </params>
          <reporter-output>
          </reporter-output>
        </test-method> <!-- runScenario -->
        <test-method signature="runScenario(io.cucumber.testng.PickleWrapper,io.cucumber.testng.FeatureWrapper)[pri:0, instance:Runner.Test_Runner@6574a52c]" started-at="2023-05-27T00:01:49 IST" name="runScenario" description="Runs Cucumber Scenarios" data-provider="scenarios" finished-at="2023-05-27T00:02:06 IST" duration-ms="17316" status="FAIL">
          <params>
            <param index="0">
              <value>
                <![CDATA["verify Active Visits Search field"]]>
              </value>
            </param>
            <param index="1">
              <value>
                <![CDATA["Optional[OpenMRS application]"]]>
              </value>
            </param>
          </params>
          <exception class="org.openqa.selenium.NoSuchElementException">
            <message>
              <![CDATA[no such element: Unable to locate element: {"method":"xpath","selector":"//input[@type="search"]"}
  (Session info: chrome=113.0.5672.127)
For documentation on this error, please visit: https://selenium.dev/exceptions/#no_such_element
Build info: version: '4.8.2', revision: '826dbfc730'
System info: os.name: 'Windows 11', os.arch: 'amd64', os.version: '10.0', java.version: '17.0.6'
Driver info: org.openqa.selenium.chrome.ChromeDriver
Command: [eaf6e810f201389091ba2f855efbab08, findElement {using=xpath, value=//input[@type="search"]}]
Capabilities {acceptInsecureCerts: false, browserName: chrome, browserVersion: 113.0.5672.127, chrome: {chromedriverVersion: 113.0.5672.63 (0e1a4471d5ae..., userDataDir: C:\Users\divya\AppData\Loca...}, goog:chromeOptions: {debuggerAddress: localhost:56198}, networkConnectionEnabled: false, pageLoadStrategy: normal, platformName: WINDOWS, proxy: Proxy(), se:cdp: ws://localhost:56198/devtoo..., se:cdpVersion: 113.0.5672.127, setWindowRect: true, strictFileInteractability: false, timeouts: {implicit: 0, pageLoad: 300000, script: 30000}, unhandledPromptBehavior: dismiss and notify, webauthn:extension:credBlob: true, webauthn:extension:largeBlob: true, webauthn:extension:minPinLength: true, webauthn:extension:prf: true, webauthn:virtualAuthenticators: true}
Session ID: eaf6e810f201389091ba2f855efbab08]]>
            </message>
            <full-stacktrace>
              <![CDATA[org.openqa.selenium.NoSuchElementException: no such element: Unable to locate element: {"method":"xpath","selector":"//input[@type="search"]"}
  (Session info: chrome=113.0.5672.127)
For documentation on this error, please visit: https://selenium.dev/exceptions/#no_such_element
Build info: version: '4.8.2', revision: '826dbfc730'
System info: os.name: 'Windows 11', os.arch: 'amd64', os.version: '10.0', java.version: '17.0.6'
Driver info: org.openqa.selenium.chrome.ChromeDriver
Command: [eaf6e810f201389091ba2f855efbab08, findElement {using=xpath, value=//input[@type="search"]}]
Capabilities {acceptInsecureCerts: false, browserName: chrome, browserVersion: 113.0.5672.127, chrome: {chromedriverVersion: 113.0.5672.63 (0e1a4471d5ae..., userDataDir: C:\Users\divya\AppData\Loca...}, goog:chromeOptions: {debuggerAddress: localhost:56198}, networkConnectionEnabled: false, pageLoadStrategy: normal, platformName: WINDOWS, proxy: Proxy(), se:cdp: ws://localhost:56198/devtoo..., se:cdpVersion: 113.0.5672.127, setWindowRect: true, strictFileInteractability: false, timeouts: {implicit: 0, pageLoad: 300000, script: 30000}, unhandledPromptBehavior: dismiss and notify, webauthn:extension:credBlob: true, webauthn:extension:largeBlob: true, webauthn:extension:minPinLength: true, webauthn:extension:prf: true, webauthn:virtualAuthenticators: true}
Session ID: eaf6e810f201389091ba2f855efbab08
at java.base/jdk.internal.reflect.NativeConstructorAccessorImpl.newInstance0(Native Method)
at java.base/jdk.internal.reflect.NativeConstructorAccessorImpl.newInstance(NativeConstructorAccessorImpl.java:77)
at java.base/jdk.internal.reflect.DelegatingConstructorAccessorImpl.newInstance(DelegatingConstructorAccessorImpl.java:45)
at java.base/java.lang.reflect.Constructor.newInstanceWithCaller(Constructor.java:499)
at java.base/java.lang.reflect.Constructor.newInstance(Constructor.java:480)
at org.openqa.selenium.remote.codec.w3c.W3CHttpResponseCodec.createException(W3CHttpResponseCodec.java:200)
at org.openqa.selenium.remote.codec.w3c.W3CHttpResponseCodec.decode(W3CHttpResponseCodec.java:133)
at org.openqa.selenium.remote.codec.w3c.W3CHttpResponseCodec.decode(W3CHttpResponseCodec.java:53)
at org.openqa.selenium.remote.HttpCommandExecutor.execute(HttpCommandExecutor.java:193)
at org.openqa.selenium.remote.service.DriverCommandExecutor.invokeExecute(DriverCommandExecutor.java:183)
at org.openqa.selenium.remote.service.DriverCommandExecutor.execute(DriverCommandExecutor.java:158)
at org.openqa.selenium.remote.RemoteWebDriver.execute(RemoteWebDriver.java:543)
at org.openqa.selenium.remote.ElementLocation$ElementFinder$2.findElement(ElementLocation.java:162)
at org.openqa.selenium.remote.ElementLocation.findElement(ElementLocation.java:60)
at org.openqa.selenium.remote.RemoteWebDriver.findElement(RemoteWebDriver.java:352)
at org.openqa.selenium.remote.RemoteWebDriver.findElement(RemoteWebDriver.java:344)
at Pages.homepage.userEnterValueIntoTheSearchField(homepage.java:87)
at ✽.user enter value into the search field(file:///C:/Users/divya/eclipse-workspace/OpenMRS/src/main/java/feature/home.feature:50)
]]>
            </full-stacktrace>
          </exception> <!-- org.openqa.selenium.NoSuchElementException -->
          <reporter-output>
          </reporter-output>
        </test-method> <!-- runScenario -->
        <test-method signature="runScenario(io.cucumber.testng.PickleWrapper,io.cucumber.testng.FeatureWrapper)[pri:0, instance:Runner.Test_Runner@6574a52c]" started-at="2023-05-27T00:02:06 IST" name="runScenario" description="Runs Cucumber Scenarios" data-provider="scenarios" finished-at="2023-05-27T00:02:26 IST" duration-ms="19226" status="PASS">
          <params>
            <param index="0">
              <value>
                <![CDATA["verify Active Visits header count"]]>
              </value>
            </param>
            <param index="1">
              <value>
                <![CDATA["Optional[OpenMRS application]"]]>
              </value>
            </param>
          </params>
          <reporter-output>
          </reporter-output>
        </test-method> <!-- runScenario -->
        <test-method signature="runScenario(io.cucumber.testng.PickleWrapper,io.cucumber.testng.FeatureWrapper)[pri:0, instance:Runner.Test_Runner@6574a52c]" started-at="2023-05-27T00:02:26 IST" name="runScenario" description="Runs Cucumber Scenarios" data-provider="scenarios" finished-at="2023-05-27T00:02:49 IST" duration-ms="23276" status="PASS">
          <params>
            <param index="0">
              <value>
                <![CDATA["verify Active Visits header details"]]>
              </value>
            </param>
            <param index="1">
              <value>
                <![CDATA["Optional[OpenMRS application]"]]>
              </value>
            </param>
          </params>
          <reporter-output>
          </reporter-output>
        </test-method> <!-- runScenario -->
        <test-method signature="runScenario(io.cucumber.testng.PickleWrapper,io.cucumber.testng.FeatureWrapper)[pri:0, instance:Runner.Test_Runner@6574a52c]" started-at="2023-05-27T00:02:49 IST" name="runScenario" description="Runs Cucumber Scenarios" data-provider="scenarios" finished-at="2023-05-27T00:03:05 IST" duration-ms="16165" status="PASS">
          <params>
            <param index="0">
              <value>
                <![CDATA["verify Active Visits header details"]]>
              </value>
            </param>
            <param index="1">
              <value>
                <![CDATA["Optional[OpenMRS application]"]]>
              </value>
            </param>
          </params>
          <reporter-output>
          </reporter-output>
        </test-method> <!-- runScenario -->
        <test-method signature="runScenario(io.cucumber.testng.PickleWrapper,io.cucumber.testng.FeatureWrapper)[pri:0, instance:Runner.Test_Runner@6574a52c]" started-at="2023-05-27T00:03:05 IST" name="runScenario" description="Runs Cucumber Scenarios" data-provider="scenarios" finished-at="2023-05-27T00:03:23 IST" duration-ms="17917" status="PASS">
          <params>
            <param index="0">
              <value>
                <![CDATA["verify Active Visits header details"]]>
              </value>
            </param>
            <param index="1">
              <value>
                <![CDATA["Optional[OpenMRS application]"]]>
              </value>
            </param>
          </params>
          <reporter-output>
          </reporter-output>
        </test-method> <!-- runScenario -->
        <test-method signature="runScenario(io.cucumber.testng.PickleWrapper,io.cucumber.testng.FeatureWrapper)[pri:0, instance:Runner.Test_Runner@6574a52c]" started-at="2023-05-27T00:03:23 IST" name="runScenario" description="Runs Cucumber Scenarios" data-provider="scenarios" finished-at="2023-05-27T00:03:42 IST" duration-ms="18802" status="PASS">
          <params>
            <param index="0">
              <value>
                <![CDATA["verify Active Visits header details"]]>
              </value>
            </param>
            <param index="1">
              <value>
                <![CDATA["Optional[OpenMRS application]"]]>
              </value>
            </param>
          </params>
          <reporter-output>
          </reporter-output>
        </test-method> <!-- runScenario -->
        <test-method signature="runScenario(io.cucumber.testng.PickleWrapper,io.cucumber.testng.FeatureWrapper)[pri:0, instance:Runner.Test_Runner@6574a52c]" started-at="2023-05-27T00:03:42 IST" name="runScenario" description="Runs Cucumber Scenarios" data-provider="scenarios" finished-at="2023-05-27T00:03:56 IST" duration-ms="14349" status="PASS">
          <params>
            <param index="0">
              <value>
                <![CDATA["verify Capture Vitals"]]>
              </value>
            </param>
            <param index="1">
              <value>
                <![CDATA["Optional[OpenMRS application]"]]>
              </value>
            </param>
          </params>
          <reporter-output>
          </reporter-output>
        </test-method> <!-- runScenario -->
        <test-method signature="runScenario(io.cucumber.testng.PickleWrapper,io.cucumber.testng.FeatureWrapper)[pri:0, instance:Runner.Test_Runner@6574a52c]" started-at="2023-05-27T00:03:56 IST" name="runScenario" description="Runs Cucumber Scenarios" data-provider="scenarios" finished-at="2023-05-27T00:04:12 IST" duration-ms="16110" status="PASS">
          <params>
            <param index="0">
              <value>
                <![CDATA["verify Capture Vitals search field"]]>
              </value>
            </param>
            <param index="1">
              <value>
                <![CDATA["Optional[OpenMRS application]"]]>
              </value>
            </param>
          </params>
          <reporter-output>
          </reporter-output>
        </test-method> <!-- runScenario -->
        <test-method signature="runScenario(io.cucumber.testng.PickleWrapper,io.cucumber.testng.FeatureWrapper)[pri:0, instance:Runner.Test_Runner@6574a52c]" started-at="2023-05-27T00:04:12 IST" name="runScenario" description="Runs Cucumber Scenarios" data-provider="scenarios" finished-at="2023-05-27T00:04:30 IST" duration-ms="17498" status="PASS">
          <params>
            <param index="0">
              <value>
                <![CDATA["verify Capture Vitals search field details"]]>
              </value>
            </param>
            <param index="1">
              <value>
                <![CDATA["Optional[OpenMRS application]"]]>
              </value>
            </param>
          </params>
          <reporter-output>
          </reporter-output>
        </test-method> <!-- runScenario -->
        <test-method signature="runScenario(io.cucumber.testng.PickleWrapper,io.cucumber.testng.FeatureWrapper)[pri:0, instance:Runner.Test_Runner@6574a52c]" started-at="2023-05-27T00:04:30 IST" name="runScenario" description="Runs Cucumber Scenarios" data-provider="scenarios" finished-at="2023-05-27T00:04:46 IST" duration-ms="16761" status="PASS">
          <params>
            <param index="0">
              <value>
                <![CDATA["verify Capture Vitals search field details"]]>
              </value>
            </param>
            <param index="1">
              <value>
                <![CDATA["Optional[OpenMRS application]"]]>
              </value>
            </param>
          </params>
          <reporter-output>
          </reporter-output>
        </test-method> <!-- runScenario -->
        <test-method signature="runScenario(io.cucumber.testng.PickleWrapper,io.cucumber.testng.FeatureWrapper)[pri:0, instance:Runner.Test_Runner@6574a52c]" started-at="2023-05-27T00:04:46 IST" name="runScenario" description="Runs Cucumber Scenarios" data-provider="scenarios" finished-at="2023-05-27T00:05:05 IST" duration-ms="18264" status="PASS">
          <params>
            <param index="0">
              <value>
                <![CDATA["verify Capture Vitals search field details"]]>
              </value>
            </param>
            <param index="1">
              <value>
                <![CDATA["Optional[OpenMRS application]"]]>
              </value>
            </param>
          </params>
          <reporter-output>
          </reporter-output>
        </test-method> <!-- runScenario -->
        <test-method signature="runScenario(io.cucumber.testng.PickleWrapper,io.cucumber.testng.FeatureWrapper)[pri:0, instance:Runner.Test_Runner@6574a52c]" started-at="2023-05-27T00:05:05 IST" name="runScenario" description="Runs Cucumber Scenarios" data-provider="scenarios" finished-at="2023-05-27T00:05:23 IST" duration-ms="18419" status="PASS">
          <params>
            <param index="0">
              <value>
                <![CDATA["verify Capture Vitals search field details"]]>
              </value>
            </param>
            <param index="1">
              <value>
                <![CDATA["Optional[OpenMRS application]"]]>
              </value>
            </param>
          </params>
          <reporter-output>
          </reporter-output>
        </test-method> <!-- runScenario -->
        <test-method signature="runScenario(io.cucumber.testng.PickleWrapper,io.cucumber.testng.FeatureWrapper)[pri:0, instance:Runner.Test_Runner@6574a52c]" started-at="2023-05-27T00:05:23 IST" name="runScenario" description="Runs Cucumber Scenarios" data-provider="scenarios" finished-at="2023-05-27T00:05:26 IST" duration-ms="2709" status="FAIL">
          <params>
            <param index="0">
              <value>
                <![CDATA["verify Register_apatient"]]>
              </value>
            </param>
            <param index="1">
              <value>
                <![CDATA["Optional[OpenMRS application]"]]>
              </value>
            </param>
          </params>
          <exception class="org.openqa.selenium.SessionNotCreatedException">
            <message>
              <![CDATA[Could not start a new session. Response code 500. Message: session not created
from no such execution context: loader has changed while resolving nodes
  (Session info: chrome=113.0.5672.127) 
Host info: host: 'LAPTOP-L3J7KBEK', ip: '192.168.137.1'
Build info: version: '4.8.2', revision: '826dbfc730'
System info: os.name: 'Windows 11', os.arch: 'amd64', os.version: '10.0', java.version: '17.0.6'
Driver info: org.openqa.selenium.chrome.ChromeDriver
Command: [null, newSession {capabilities=[Capabilities {browserName: chrome, goog:chromeOptions: {args: [--remote-allow-origins=*], extensions: []}}], desiredCapabilities=Capabilities {browserName: chrome, goog:chromeOptions: {args: [--remote-allow-origins=*], extensions: []}}}]]]>
            </message>
            <full-stacktrace>
              <![CDATA[org.openqa.selenium.SessionNotCreatedException: Could not start a new session. Response code 500. Message: session not created
from no such execution context: loader has changed while resolving nodes
  (Session info: chrome=113.0.5672.127) 
Host info: host: 'LAPTOP-L3J7KBEK', ip: '192.168.137.1'
Build info: version: '4.8.2', revision: '826dbfc730'
System info: os.name: 'Windows 11', os.arch: 'amd64', os.version: '10.0', java.version: '17.0.6'
Driver info: org.openqa.selenium.chrome.ChromeDriver
Command: [null, newSession {capabilities=[Capabilities {browserName: chrome, goog:chromeOptions: {args: [--remote-allow-origins=*], extensions: []}}], desiredCapabilities=Capabilities {browserName: chrome, goog:chromeOptions: {args: [--remote-allow-origins=*], extensions: []}}}]
at org.openqa.selenium.remote.ProtocolHandshake.createSession(ProtocolHandshake.java:148)
at org.openqa.selenium.remote.ProtocolHandshake.createSession(ProtocolHandshake.java:106)
at org.openqa.selenium.remote.ProtocolHandshake.createSession(ProtocolHandshake.java:67)
at org.openqa.selenium.remote.HttpCommandExecutor.execute(HttpCommandExecutor.java:165)
at org.openqa.selenium.remote.service.DriverCommandExecutor.invokeExecute(DriverCommandExecutor.java:183)
at org.openqa.selenium.remote.service.DriverCommandExecutor.execute(DriverCommandExecutor.java:158)
at org.openqa.selenium.remote.RemoteWebDriver.execute(RemoteWebDriver.java:543)
at org.openqa.selenium.remote.RemoteWebDriver.startSession(RemoteWebDriver.java:229)
at org.openqa.selenium.remote.RemoteWebDriver.<init>(RemoteWebDriver.java:157)
at org.openqa.selenium.chromium.ChromiumDriver.<init>(ChromiumDriver.java:101)
at org.openqa.selenium.chrome.ChromeDriver.<init>(ChromeDriver.java:88)
at org.openqa.selenium.chrome.ChromeDriver.<init>(ChromeDriver.java:84)
at org.openqa.selenium.chrome.ChromeDriver.<init>(ChromeDriver.java:52)
at Hooks.hooks.userShouldNavigateToTheApplication(hooks.java:18)
]]>
            </full-stacktrace>
          </exception> <!-- org.openqa.selenium.SessionNotCreatedException -->
          <reporter-output>
          </reporter-output>
        </test-method> <!-- runScenario -->
        <test-method signature="runScenario(io.cucumber.testng.PickleWrapper,io.cucumber.testng.FeatureWrapper)[pri:0, instance:Runner.Test_Runner@6574a52c]" started-at="2023-05-27T00:05:26 IST" name="runScenario" description="Runs Cucumber Scenarios" data-provider="scenarios" finished-at="2023-05-27T00:05:43 IST" duration-ms="16858" status="FAIL">
          <params>
            <param index="0">
              <value>
                <![CDATA["verify Register patient details"]]>
              </value>
            </param>
            <param index="1">
              <value>
                <![CDATA["Optional[OpenMRS application]"]]>
              </value>
            </param>
          </params>
          <exception class="org.openqa.selenium.NoSuchElementException">
            <message>
              <![CDATA[no such element: Unable to locate element: {"method":"css selector","selector":"*[name='givenName']"}
  (Session info: chrome=113.0.5672.127)
For documentation on this error, please visit: https://selenium.dev/exceptions/#no_such_element
Build info: version: '4.8.2', revision: '826dbfc730'
System info: os.name: 'Windows 11', os.arch: 'amd64', os.version: '10.0', java.version: '17.0.6'
Driver info: org.openqa.selenium.chrome.ChromeDriver
Command: [fa575b7929e905f943b472000c256930, findElement {using=name, value=givenName}]
Capabilities {acceptInsecureCerts: false, browserName: chrome, browserVersion: 113.0.5672.127, chrome: {chromedriverVersion: 113.0.5672.63 (0e1a4471d5ae..., userDataDir: C:\Users\divya\AppData\Loca...}, goog:chromeOptions: {debuggerAddress: localhost:56474}, networkConnectionEnabled: false, pageLoadStrategy: normal, platformName: WINDOWS, proxy: Proxy(), se:cdp: ws://localhost:56474/devtoo..., se:cdpVersion: 113.0.5672.127, setWindowRect: true, strictFileInteractability: false, timeouts: {implicit: 0, pageLoad: 300000, script: 30000}, unhandledPromptBehavior: dismiss and notify, webauthn:extension:credBlob: true, webauthn:extension:largeBlob: true, webauthn:extension:minPinLength: true, webauthn:extension:prf: true, webauthn:virtualAuthenticators: true}
Session ID: fa575b7929e905f943b472000c256930]]>
            </message>
            <full-stacktrace>
              <![CDATA[org.openqa.selenium.NoSuchElementException: no such element: Unable to locate element: {"method":"css selector","selector":"*[name='givenName']"}
  (Session info: chrome=113.0.5672.127)
For documentation on this error, please visit: https://selenium.dev/exceptions/#no_such_element
Build info: version: '4.8.2', revision: '826dbfc730'
System info: os.name: 'Windows 11', os.arch: 'amd64', os.version: '10.0', java.version: '17.0.6'
Driver info: org.openqa.selenium.chrome.ChromeDriver
Command: [fa575b7929e905f943b472000c256930, findElement {using=name, value=givenName}]
Capabilities {acceptInsecureCerts: false, browserName: chrome, browserVersion: 113.0.5672.127, chrome: {chromedriverVersion: 113.0.5672.63 (0e1a4471d5ae..., userDataDir: C:\Users\divya\AppData\Loca...}, goog:chromeOptions: {debuggerAddress: localhost:56474}, networkConnectionEnabled: false, pageLoadStrategy: normal, platformName: WINDOWS, proxy: Proxy(), se:cdp: ws://localhost:56474/devtoo..., se:cdpVersion: 113.0.5672.127, setWindowRect: true, strictFileInteractability: false, timeouts: {implicit: 0, pageLoad: 300000, script: 30000}, unhandledPromptBehavior: dismiss and notify, webauthn:extension:credBlob: true, webauthn:extension:largeBlob: true, webauthn:extension:minPinLength: true, webauthn:extension:prf: true, webauthn:virtualAuthenticators: true}
Session ID: fa575b7929e905f943b472000c256930
at java.base/jdk.internal.reflect.NativeConstructorAccessorImpl.newInstance0(Native Method)
at java.base/jdk.internal.reflect.NativeConstructorAccessorImpl.newInstance(NativeConstructorAccessorImpl.java:77)
at java.base/jdk.internal.reflect.DelegatingConstructorAccessorImpl.newInstance(DelegatingConstructorAccessorImpl.java:45)
at java.base/java.lang.reflect.Constructor.newInstanceWithCaller(Constructor.java:499)
at java.base/java.lang.reflect.Constructor.newInstance(Constructor.java:480)
at org.openqa.selenium.remote.codec.w3c.W3CHttpResponseCodec.createException(W3CHttpResponseCodec.java:200)
at org.openqa.selenium.remote.codec.w3c.W3CHttpResponseCodec.decode(W3CHttpResponseCodec.java:133)
at org.openqa.selenium.remote.codec.w3c.W3CHttpResponseCodec.decode(W3CHttpResponseCodec.java:53)
at org.openqa.selenium.remote.HttpCommandExecutor.execute(HttpCommandExecutor.java:193)
at org.openqa.selenium.remote.service.DriverCommandExecutor.invokeExecute(DriverCommandExecutor.java:183)
at org.openqa.selenium.remote.service.DriverCommandExecutor.execute(DriverCommandExecutor.java:158)
at org.openqa.selenium.remote.RemoteWebDriver.execute(RemoteWebDriver.java:543)
at org.openqa.selenium.remote.ElementLocation$ElementFinder$2.findElement(ElementLocation.java:162)
at org.openqa.selenium.remote.ElementLocation.findElement(ElementLocation.java:66)
at org.openqa.selenium.remote.RemoteWebDriver.findElement(RemoteWebDriver.java:352)
at org.openqa.selenium.remote.RemoteWebDriver.findElement(RemoteWebDriver.java:344)
at Pages.homepage.userEnterTheGivenAndFamilyName(homepage.java:191)
at ✽.user enter the given and family name(file:///C:/Users/divya/eclipse-workspace/OpenMRS/src/main/java/feature/home.feature:102)
]]>
            </full-stacktrace>
          </exception> <!-- org.openqa.selenium.NoSuchElementException -->
          <reporter-output>
          </reporter-output>
        </test-method> <!-- runScenario -->
        <test-method signature="runScenario(io.cucumber.testng.PickleWrapper,io.cucumber.testng.FeatureWrapper)[pri:0, instance:Runner.Test_Runner@6574a52c]" started-at="2023-05-27T00:05:43 IST" name="runScenario" description="Runs Cucumber Scenarios" data-provider="scenarios" finished-at="2023-05-27T00:05:56 IST" duration-ms="13281" status="PASS">
          <params>
            <param index="0">
              <value>
                <![CDATA["verify Appointment Scheduling"]]>
              </value>
            </param>
            <param index="1">
              <value>
                <![CDATA["Optional[OpenMRS application]"]]>
              </value>
            </param>
          </params>
          <reporter-output>
          </reporter-output>
        </test-method> <!-- runScenario -->
        <test-method signature="runScenario(io.cucumber.testng.PickleWrapper,io.cucumber.testng.FeatureWrapper)[pri:0, instance:Runner.Test_Runner@6574a52c]" started-at="2023-05-27T00:05:56 IST" name="runScenario" description="Runs Cucumber Scenarios" data-provider="scenarios" finished-at="2023-05-27T00:06:15 IST" duration-ms="19501" status="PASS">
          <params>
            <param index="0">
              <value>
                <![CDATA["verify Manage Service Types"]]>
              </value>
            </param>
            <param index="1">
              <value>
                <![CDATA["Optional[OpenMRS application]"]]>
              </value>
            </param>
          </params>
          <reporter-output>
          </reporter-output>
        </test-method> <!-- runScenario -->
        <test-method signature="runScenario(io.cucumber.testng.PickleWrapper,io.cucumber.testng.FeatureWrapper)[pri:0, instance:Runner.Test_Runner@6574a52c]" started-at="2023-05-27T00:06:15 IST" name="runScenario" description="Runs Cucumber Scenarios" data-provider="scenarios" finished-at="2023-05-27T00:06:31 IST" duration-ms="15996" status="PASS">
          <params>
            <param index="0">
              <value>
                <![CDATA["verify Manage Service table header"]]>
              </value>
            </param>
            <param index="1">
              <value>
                <![CDATA["Optional[OpenMRS application]"]]>
              </value>
            </param>
          </params>
          <reporter-output>
          </reporter-output>
        </test-method> <!-- runScenario -->
        <test-method signature="runScenario(io.cucumber.testng.PickleWrapper,io.cucumber.testng.FeatureWrapper)[pri:0, instance:Runner.Test_Runner@6574a52c]" started-at="2023-05-27T00:06:31 IST" name="runScenario" description="Runs Cucumber Scenarios" data-provider="scenarios" finished-at="2023-05-27T00:06:51 IST" duration-ms="19236" status="PASS">
          <params>
            <param index="0">
              <value>
                <![CDATA["verify  Manage Appointment Blocks"]]>
              </value>
            </param>
            <param index="1">
              <value>
                <![CDATA["Optional[OpenMRS application]"]]>
              </value>
            </param>
          </params>
          <reporter-output>
          </reporter-output>
        </test-method> <!-- runScenario -->
        <test-method signature="runScenario(io.cucumber.testng.PickleWrapper,io.cucumber.testng.FeatureWrapper)[pri:0, instance:Runner.Test_Runner@6574a52c]" started-at="2023-05-27T00:06:51 IST" name="runScenario" description="Runs Cucumber Scenarios" data-provider="scenarios" finished-at="2023-05-27T00:07:09 IST" duration-ms="18300" status="PASS">
          <params>
            <param index="0">
              <value>
                <![CDATA["verify  Manage Appointments"]]>
              </value>
            </param>
            <param index="1">
              <value>
                <![CDATA["Optional[OpenMRS application]"]]>
              </value>
            </param>
          </params>
          <reporter-output>
          </reporter-output>
        </test-method> <!-- runScenario -->
        <test-method signature="runScenario(io.cucumber.testng.PickleWrapper,io.cucumber.testng.FeatureWrapper)[pri:0, instance:Runner.Test_Runner@6574a52c]" started-at="2023-05-27T00:07:09 IST" name="runScenario" description="Runs Cucumber Scenarios" data-provider="scenarios" finished-at="2023-05-27T00:07:30 IST" duration-ms="21079" status="PASS">
          <params>
            <param index="0">
              <value>
                <![CDATA["verify Daily Appointments"]]>
              </value>
            </param>
            <param index="1">
              <value>
                <![CDATA["Optional[OpenMRS application]"]]>
              </value>
            </param>
          </params>
          <reporter-output>
          </reporter-output>
        </test-method> <!-- runScenario -->
        <test-method signature="runScenario(io.cucumber.testng.PickleWrapper,io.cucumber.testng.FeatureWrapper)[pri:0, instance:Runner.Test_Runner@6574a52c]" started-at="2023-05-27T00:07:30 IST" name="runScenario" description="Runs Cucumber Scenarios" data-provider="scenarios" finished-at="2023-05-27T00:07:45 IST" duration-ms="15294" status="PASS">
          <params>
            <param index="0">
              <value>
                <![CDATA["verify Appointment Requests"]]>
              </value>
            </param>
            <param index="1">
              <value>
                <![CDATA["Optional[OpenMRS application]"]]>
              </value>
            </param>
          </params>
          <reporter-output>
          </reporter-output>
        </test-method> <!-- runScenario -->
        <test-method signature="runScenario(io.cucumber.testng.PickleWrapper,io.cucumber.testng.FeatureWrapper)[pri:0, instance:Runner.Test_Runner@6574a52c]" started-at="2023-05-27T00:07:45 IST" name="runScenario" description="Runs Cucumber Scenarios" data-provider="scenarios" finished-at="2023-05-27T00:07:59 IST" duration-ms="13400" status="PASS">
          <params>
            <param index="0">
              <value>
                <![CDATA["verify patient reports"]]>
              </value>
            </param>
            <param index="1">
              <value>
                <![CDATA["Optional[OpenMRS application]"]]>
              </value>
            </param>
          </params>
          <reporter-output>
          </reporter-output>
        </test-method> <!-- runScenario -->
        <test-method signature="runScenario(io.cucumber.testng.PickleWrapper,io.cucumber.testng.FeatureWrapper)[pri:0, instance:Runner.Test_Runner@6574a52c]" started-at="2023-05-27T00:07:59 IST" name="runScenario" description="Runs Cucumber Scenarios" data-provider="scenarios" finished-at="2023-05-27T00:08:13 IST" duration-ms="14425" status="PASS">
          <params>
            <param index="0">
              <value>
                <![CDATA["verify patient reports"]]>
              </value>
            </param>
            <param index="1">
              <value>
                <![CDATA["Optional[OpenMRS application]"]]>
              </value>
            </param>
          </params>
          <reporter-output>
          </reporter-output>
        </test-method> <!-- runScenario -->
        <test-method signature="runScenario(io.cucumber.testng.PickleWrapper,io.cucumber.testng.FeatureWrapper)[pri:0, instance:Runner.Test_Runner@6574a52c]" started-at="2023-05-27T00:08:13 IST" name="runScenario" description="Runs Cucumber Scenarios" data-provider="scenarios" finished-at="2023-05-27T00:08:27 IST" duration-ms="13988" status="PASS">
          <params>
            <param index="0">
              <value>
                <![CDATA["verify data management"]]>
              </value>
            </param>
            <param index="1">
              <value>
                <![CDATA["Optional[OpenMRS application]"]]>
              </value>
            </param>
          </params>
          <reporter-output>
          </reporter-output>
        </test-method> <!-- runScenario -->
        <test-method signature="runScenario(io.cucumber.testng.PickleWrapper,io.cucumber.testng.FeatureWrapper)[pri:0, instance:Runner.Test_Runner@6574a52c]" started-at="2023-05-27T00:08:27 IST" name="runScenario" description="Runs Cucumber Scenarios" data-provider="scenarios" finished-at="2023-05-27T00:08:45 IST" duration-ms="17769" status="PASS">
          <params>
            <param index="0">
              <value>
                <![CDATA["verify data management detail"]]>
              </value>
            </param>
            <param index="1">
              <value>
                <![CDATA["Optional[OpenMRS application]"]]>
              </value>
            </param>
          </params>
          <reporter-output>
          </reporter-output>
        </test-method> <!-- runScenario -->
        <test-method signature="runScenario(io.cucumber.testng.PickleWrapper,io.cucumber.testng.FeatureWrapper)[pri:0, instance:Runner.Test_Runner@6574a52c]" started-at="2023-05-27T00:08:45 IST" name="runScenario" description="Runs Cucumber Scenarios" data-provider="scenarios" finished-at="2023-05-27T00:09:06 IST" duration-ms="20609" status="PASS">
          <params>
            <param index="0">
              <value>
                <![CDATA["verify data management detail header test"]]>
              </value>
            </param>
            <param index="1">
              <value>
                <![CDATA["Optional[OpenMRS application]"]]>
              </value>
            </param>
          </params>
          <reporter-output>
          </reporter-output>
        </test-method> <!-- runScenario -->
        <test-method signature="runScenario(io.cucumber.testng.PickleWrapper,io.cucumber.testng.FeatureWrapper)[pri:0, instance:Runner.Test_Runner@6574a52c]" started-at="2023-05-27T00:09:06 IST" name="runScenario" description="Runs Cucumber Scenarios" data-provider="scenarios" finished-at="2023-05-27T00:09:22 IST" duration-ms="16792" status="PASS">
          <params>
            <param index="0">
              <value>
                <![CDATA["verify Configure metadata"]]>
              </value>
            </param>
            <param index="1">
              <value>
                <![CDATA["Optional[OpenMRS application]"]]>
              </value>
            </param>
          </params>
          <reporter-output>
          </reporter-output>
        </test-method> <!-- runScenario -->
        <test-method signature="runScenario(io.cucumber.testng.PickleWrapper,io.cucumber.testng.FeatureWrapper)[pri:0, instance:Runner.Test_Runner@6574a52c]" started-at="2023-05-27T00:09:22 IST" name="runScenario" description="Runs Cucumber Scenarios" data-provider="scenarios" finished-at="2023-05-27T00:09:25 IST" duration-ms="2505" status="FAIL">
          <params>
            <param index="0">
              <value>
                <![CDATA["verify Configure metadata header count"]]>
              </value>
            </param>
            <param index="1">
              <value>
                <![CDATA["Optional[OpenMRS application]"]]>
              </value>
            </param>
          </params>
          <exception class="org.openqa.selenium.SessionNotCreatedException">
            <message>
              <![CDATA[Could not start a new session. Response code 500. Message: session not created
from no such execution context: loader has changed while resolving nodes
  (Session info: chrome=113.0.5672.127) 
Host info: host: 'LAPTOP-L3J7KBEK', ip: '192.168.137.1'
Build info: version: '4.8.2', revision: '826dbfc730'
System info: os.name: 'Windows 11', os.arch: 'amd64', os.version: '10.0', java.version: '17.0.6'
Driver info: org.openqa.selenium.chrome.ChromeDriver
Command: [null, newSession {capabilities=[Capabilities {browserName: chrome, goog:chromeOptions: {args: [--remote-allow-origins=*], extensions: []}}], desiredCapabilities=Capabilities {browserName: chrome, goog:chromeOptions: {args: [--remote-allow-origins=*], extensions: []}}}]]]>
            </message>
            <full-stacktrace>
              <![CDATA[org.openqa.selenium.SessionNotCreatedException: Could not start a new session. Response code 500. Message: session not created
from no such execution context: loader has changed while resolving nodes
  (Session info: chrome=113.0.5672.127) 
Host info: host: 'LAPTOP-L3J7KBEK', ip: '192.168.137.1'
Build info: version: '4.8.2', revision: '826dbfc730'
System info: os.name: 'Windows 11', os.arch: 'amd64', os.version: '10.0', java.version: '17.0.6'
Driver info: org.openqa.selenium.chrome.ChromeDriver
Command: [null, newSession {capabilities=[Capabilities {browserName: chrome, goog:chromeOptions: {args: [--remote-allow-origins=*], extensions: []}}], desiredCapabilities=Capabilities {browserName: chrome, goog:chromeOptions: {args: [--remote-allow-origins=*], extensions: []}}}]
at org.openqa.selenium.remote.ProtocolHandshake.createSession(ProtocolHandshake.java:148)
at org.openqa.selenium.remote.ProtocolHandshake.createSession(ProtocolHandshake.java:106)
at org.openqa.selenium.remote.ProtocolHandshake.createSession(ProtocolHandshake.java:67)
at org.openqa.selenium.remote.HttpCommandExecutor.execute(HttpCommandExecutor.java:165)
at org.openqa.selenium.remote.service.DriverCommandExecutor.invokeExecute(DriverCommandExecutor.java:183)
at org.openqa.selenium.remote.service.DriverCommandExecutor.execute(DriverCommandExecutor.java:158)
at org.openqa.selenium.remote.RemoteWebDriver.execute(RemoteWebDriver.java:543)
at org.openqa.selenium.remote.RemoteWebDriver.startSession(RemoteWebDriver.java:229)
at org.openqa.selenium.remote.RemoteWebDriver.<init>(RemoteWebDriver.java:157)
at org.openqa.selenium.chromium.ChromiumDriver.<init>(ChromiumDriver.java:101)
at org.openqa.selenium.chrome.ChromeDriver.<init>(ChromeDriver.java:88)
at org.openqa.selenium.chrome.ChromeDriver.<init>(ChromeDriver.java:84)
at org.openqa.selenium.chrome.ChromeDriver.<init>(ChromeDriver.java:52)
at Hooks.hooks.userShouldNavigateToTheApplication(hooks.java:18)
]]>
            </full-stacktrace>
          </exception> <!-- org.openqa.selenium.SessionNotCreatedException -->
          <reporter-output>
          </reporter-output>
        </test-method> <!-- runScenario -->
        <test-method signature="runScenario(io.cucumber.testng.PickleWrapper,io.cucumber.testng.FeatureWrapper)[pri:0, instance:Runner.Test_Runner@6574a52c]" started-at="2023-05-27T00:09:25 IST" name="runScenario" description="Runs Cucumber Scenarios" data-provider="scenarios" finished-at="2023-05-27T00:09:41 IST" duration-ms="15825" status="PASS">
          <params>
            <param index="0">
              <value>
                <![CDATA["verify Configure metadata header count"]]>
              </value>
            </param>
            <param index="1">
              <value>
                <![CDATA["Optional[OpenMRS application]"]]>
              </value>
            </param>
          </params>
          <reporter-output>
          </reporter-output>
        </test-method> <!-- runScenario -->
        <test-method signature="runScenario(io.cucumber.testng.PickleWrapper,io.cucumber.testng.FeatureWrapper)[pri:0, instance:Runner.Test_Runner@6574a52c]" started-at="2023-05-27T00:09:41 IST" name="runScenario" description="Runs Cucumber Scenarios" data-provider="scenarios" finished-at="2023-05-27T00:09:54 IST" duration-ms="13750" status="PASS">
          <params>
            <param index="0">
              <value>
                <![CDATA["verify Configure metadata header count"]]>
              </value>
            </param>
            <param index="1">
              <value>
                <![CDATA["Optional[OpenMRS application]"]]>
              </value>
            </param>
          </params>
          <reporter-output>
          </reporter-output>
        </test-method> <!-- runScenario -->
        <test-method signature="runScenario(io.cucumber.testng.PickleWrapper,io.cucumber.testng.FeatureWrapper)[pri:0, instance:Runner.Test_Runner@6574a52c]" started-at="2023-05-27T00:09:54 IST" name="runScenario" description="Runs Cucumber Scenarios" data-provider="scenarios" finished-at="2023-05-27T00:10:11 IST" duration-ms="16671" status="PASS">
          <params>
            <param index="0">
              <value>
                <![CDATA["verify Configure metadata header count"]]>
              </value>
            </param>
            <param index="1">
              <value>
                <![CDATA["Optional[OpenMRS application]"]]>
              </value>
            </param>
          </params>
          <reporter-output>
          </reporter-output>
        </test-method> <!-- runScenario -->
        <test-method signature="runScenario(io.cucumber.testng.PickleWrapper,io.cucumber.testng.FeatureWrapper)[pri:0, instance:Runner.Test_Runner@6574a52c]" started-at="2023-05-27T00:10:11 IST" name="runScenario" description="Runs Cucumber Scenarios" data-provider="scenarios" finished-at="2023-05-27T00:10:15 IST" duration-ms="4121" status="FAIL">
          <params>
            <param index="0">
              <value>
                <![CDATA["verify Configure metadata header count"]]>
              </value>
            </param>
            <param index="1">
              <value>
                <![CDATA["Optional[OpenMRS application]"]]>
              </value>
            </param>
          </params>
          <exception class="org.openqa.selenium.WebDriverException">
            <message>
              <![CDATA[unknown error: cannot determine loading status
from no such window
  (Session info: chrome=113.0.5672.127)
Build info: version: '4.8.2', revision: '826dbfc730'
System info: os.name: 'Windows 11', os.arch: 'amd64', os.version: '10.0', java.version: '17.0.6'
Driver info: org.openqa.selenium.chrome.ChromeDriver
Command: [d154c17400d612a31dd1bf2f92eaa4bb, get {url=https://demo.openmrs.org/openmrs/login.htm}]
Capabilities {acceptInsecureCerts: false, browserName: chrome, browserVersion: 113.0.5672.127, chrome: {chromedriverVersion: 113.0.5672.63 (0e1a4471d5ae..., userDataDir: C:\Users\divya\AppData\Loca...}, goog:chromeOptions: {debuggerAddress: localhost:56881}, networkConnectionEnabled: false, pageLoadStrategy: normal, platformName: WINDOWS, proxy: Proxy(), se:cdp: ws://localhost:56881/devtoo..., se:cdpVersion: 113.0.5672.127, setWindowRect: true, strictFileInteractability: false, timeouts: {implicit: 0, pageLoad: 300000, script: 30000}, unhandledPromptBehavior: dismiss and notify, webauthn:extension:credBlob: true, webauthn:extension:largeBlob: true, webauthn:extension:minPinLength: true, webauthn:extension:prf: true, webauthn:virtualAuthenticators: true}
Session ID: d154c17400d612a31dd1bf2f92eaa4bb]]>
            </message>
            <full-stacktrace>
              <![CDATA[org.openqa.selenium.WebDriverException: unknown error: cannot determine loading status
from no such window
  (Session info: chrome=113.0.5672.127)
Build info: version: '4.8.2', revision: '826dbfc730'
System info: os.name: 'Windows 11', os.arch: 'amd64', os.version: '10.0', java.version: '17.0.6'
Driver info: org.openqa.selenium.chrome.ChromeDriver
Command: [d154c17400d612a31dd1bf2f92eaa4bb, get {url=https://demo.openmrs.org/openmrs/login.htm}]
Capabilities {acceptInsecureCerts: false, browserName: chrome, browserVersion: 113.0.5672.127, chrome: {chromedriverVersion: 113.0.5672.63 (0e1a4471d5ae..., userDataDir: C:\Users\divya\AppData\Loca...}, goog:chromeOptions: {debuggerAddress: localhost:56881}, networkConnectionEnabled: false, pageLoadStrategy: normal, platformName: WINDOWS, proxy: Proxy(), se:cdp: ws://localhost:56881/devtoo..., se:cdpVersion: 113.0.5672.127, setWindowRect: true, strictFileInteractability: false, timeouts: {implicit: 0, pageLoad: 300000, script: 30000}, unhandledPromptBehavior: dismiss and notify, webauthn:extension:credBlob: true, webauthn:extension:largeBlob: true, webauthn:extension:minPinLength: true, webauthn:extension:prf: true, webauthn:virtualAuthenticators: true}
Session ID: d154c17400d612a31dd1bf2f92eaa4bb
at java.base/jdk.internal.reflect.NativeConstructorAccessorImpl.newInstance0(Native Method)
at java.base/jdk.internal.reflect.NativeConstructorAccessorImpl.newInstance(NativeConstructorAccessorImpl.java:77)
at java.base/jdk.internal.reflect.DelegatingConstructorAccessorImpl.newInstance(DelegatingConstructorAccessorImpl.java:45)
at java.base/java.lang.reflect.Constructor.newInstanceWithCaller(Constructor.java:499)
at java.base/java.lang.reflect.Constructor.newInstance(Constructor.java:480)
at org.openqa.selenium.remote.codec.w3c.W3CHttpResponseCodec.createException(W3CHttpResponseCodec.java:200)
at org.openqa.selenium.remote.codec.w3c.W3CHttpResponseCodec.decode(W3CHttpResponseCodec.java:133)
at org.openqa.selenium.remote.codec.w3c.W3CHttpResponseCodec.decode(W3CHttpResponseCodec.java:53)
at org.openqa.selenium.remote.HttpCommandExecutor.execute(HttpCommandExecutor.java:193)
at org.openqa.selenium.remote.service.DriverCommandExecutor.invokeExecute(DriverCommandExecutor.java:183)
at org.openqa.selenium.remote.service.DriverCommandExecutor.execute(DriverCommandExecutor.java:158)
at org.openqa.selenium.remote.RemoteWebDriver.execute(RemoteWebDriver.java:543)
at org.openqa.selenium.remote.RemoteWebDriver.get(RemoteWebDriver.java:297)
at Hooks.hooks.userShouldNavigateToTheApplication(hooks.java:19)
]]>
            </full-stacktrace>
          </exception> <!-- org.openqa.selenium.WebDriverException -->
          <reporter-output>
          </reporter-output>
        </test-method> <!-- runScenario -->
        <test-method signature="runScenario(io.cucumber.testng.PickleWrapper,io.cucumber.testng.FeatureWrapper)[pri:0, instance:Runner.Test_Runner@6574a52c]" started-at="2023-05-27T00:10:15 IST" name="runScenario" description="Runs Cucumber Scenarios" data-provider="scenarios" finished-at="2023-05-27T00:10:29 IST" duration-ms="13516" status="PASS">
          <params>
            <param index="0">
              <value>
                <![CDATA["verify Configure metadata header count"]]>
              </value>
            </param>
            <param index="1">
              <value>
                <![CDATA["Optional[OpenMRS application]"]]>
              </value>
            </param>
          </params>
          <reporter-output>
          </reporter-output>
        </test-method> <!-- runScenario -->
        <test-method signature="runScenario(io.cucumber.testng.PickleWrapper,io.cucumber.testng.FeatureWrapper)[pri:0, instance:Runner.Test_Runner@6574a52c]" started-at="2023-05-27T00:10:29 IST" name="runScenario" description="Runs Cucumber Scenarios" data-provider="scenarios" finished-at="2023-05-27T00:10:42 IST" duration-ms="13451" status="PASS">
          <params>
            <param index="0">
              <value>
                <![CDATA["verify Configure metadata header count"]]>
              </value>
            </param>
            <param index="1">
              <value>
                <![CDATA["Optional[OpenMRS application]"]]>
              </value>
            </param>
          </params>
          <reporter-output>
          </reporter-output>
        </test-method> <!-- runScenario -->
        <test-method signature="runScenario(io.cucumber.testng.PickleWrapper,io.cucumber.testng.FeatureWrapper)[pri:0, instance:Runner.Test_Runner@6574a52c]" started-at="2023-05-27T00:10:42 IST" name="runScenario" description="Runs Cucumber Scenarios" data-provider="scenarios" finished-at="2023-05-27T00:10:59 IST" duration-ms="16535" status="PASS">
          <params>
            <param index="0">
              <value>
                <![CDATA["verify Configure metadata header count"]]>
              </value>
            </param>
            <param index="1">
              <value>
                <![CDATA["Optional[OpenMRS application]"]]>
              </value>
            </param>
          </params>
          <reporter-output>
          </reporter-output>
        </test-method> <!-- runScenario -->
        <test-method signature="runScenario(io.cucumber.testng.PickleWrapper,io.cucumber.testng.FeatureWrapper)[pri:0, instance:Runner.Test_Runner@6574a52c]" started-at="2023-05-27T00:10:59 IST" name="runScenario" description="Runs Cucumber Scenarios" data-provider="scenarios" finished-at="2023-05-27T00:11:19 IST" duration-ms="20524" status="PASS">
          <params>
            <param index="0">
              <value>
                <![CDATA["verify Manage Encounter Types table count"]]>
              </value>
            </param>
            <param index="1">
              <value>
                <![CDATA["Optional[OpenMRS application]"]]>
              </value>
            </param>
          </params>
          <reporter-output>
          </reporter-output>
        </test-method> <!-- runScenario -->
        <test-method signature="runScenario(io.cucumber.testng.PickleWrapper,io.cucumber.testng.FeatureWrapper)[pri:0, instance:Runner.Test_Runner@6574a52c]" started-at="2023-05-27T00:11:19 IST" name="runScenario" description="Runs Cucumber Scenarios" data-provider="scenarios" finished-at="2023-05-27T00:11:37 IST" duration-ms="17271" status="PASS">
          <params>
            <param index="0">
              <value>
                <![CDATA["verify Manage Forms table header"]]>
              </value>
            </param>
            <param index="1">
              <value>
                <![CDATA["Optional[OpenMRS application]"]]>
              </value>
            </param>
          </params>
          <reporter-output>
          </reporter-output>
        </test-method> <!-- runScenario -->
        <test-method signature="runScenario(io.cucumber.testng.PickleWrapper,io.cucumber.testng.FeatureWrapper)[pri:0, instance:Runner.Test_Runner@6574a52c]" started-at="2023-05-27T00:11:37 IST" name="runScenario" description="Runs Cucumber Scenarios" data-provider="scenarios" finished-at="2023-05-27T00:11:55 IST" duration-ms="18138" status="PASS">
          <params>
            <param index="0">
              <value>
                <![CDATA["verify Manage Locations"]]>
              </value>
            </param>
            <param index="1">
              <value>
                <![CDATA["Optional[OpenMRS application]"]]>
              </value>
            </param>
          </params>
          <reporter-output>
          </reporter-output>
        </test-method> <!-- runScenario -->
        <test-method signature="runScenario(io.cucumber.testng.PickleWrapper,io.cucumber.testng.FeatureWrapper)[pri:0, instance:Runner.Test_Runner@6574a52c]" started-at="2023-05-27T00:11:55 IST" name="runScenario" description="Runs Cucumber Scenarios" data-provider="scenarios" finished-at="2023-05-27T00:12:18 IST" duration-ms="23207" status="PASS">
          <params>
            <param index="0">
              <value>
                <![CDATA["verify Manage Patient Identifier Types"]]>
              </value>
            </param>
            <param index="1">
              <value>
                <![CDATA["Optional[OpenMRS application]"]]>
              </value>
            </param>
          </params>
          <reporter-output>
          </reporter-output>
        </test-method> <!-- runScenario -->
        <test-method signature="runScenario(io.cucumber.testng.PickleWrapper,io.cucumber.testng.FeatureWrapper)[pri:0, instance:Runner.Test_Runner@6574a52c]" started-at="2023-05-27T00:12:18 IST" name="runScenario" description="Runs Cucumber Scenarios" data-provider="scenarios" finished-at="2023-05-27T00:12:33 IST" duration-ms="15418" status="PASS">
          <params>
            <param index="0">
              <value>
                <![CDATA["verify System Administration"]]>
              </value>
            </param>
            <param index="1">
              <value>
                <![CDATA["Optional[OpenMRS application]"]]>
              </value>
            </param>
          </params>
          <reporter-output>
          </reporter-output>
        </test-method> <!-- runScenario -->
        <test-method signature="runScenario(io.cucumber.testng.PickleWrapper,io.cucumber.testng.FeatureWrapper)[pri:0, instance:Runner.Test_Runner@6574a52c]" started-at="2023-05-27T00:12:33 IST" name="runScenario" description="Runs Cucumber Scenarios" data-provider="scenarios" finished-at="2023-05-27T00:12:47 IST" duration-ms="14005" status="PASS">
          <params>
            <param index="0">
              <value>
                <![CDATA["verify System Administration"]]>
              </value>
            </param>
            <param index="1">
              <value>
                <![CDATA["Optional[OpenMRS application]"]]>
              </value>
            </param>
          </params>
          <reporter-output>
          </reporter-output>
        </test-method> <!-- runScenario -->
        <test-method signature="runScenario(io.cucumber.testng.PickleWrapper,io.cucumber.testng.FeatureWrapper)[pri:0, instance:Runner.Test_Runner@6574a52c]" started-at="2023-05-27T00:12:47 IST" name="runScenario" description="Runs Cucumber Scenarios" data-provider="scenarios" finished-at="2023-05-27T00:13:03 IST" duration-ms="16025" status="PASS">
          <params>
            <param index="0">
              <value>
                <![CDATA["verify System Administration"]]>
              </value>
            </param>
            <param index="1">
              <value>
                <![CDATA["Optional[OpenMRS application]"]]>
              </value>
            </param>
          </params>
          <reporter-output>
          </reporter-output>
        </test-method> <!-- runScenario -->
        <test-method signature="runScenario(io.cucumber.testng.PickleWrapper,io.cucumber.testng.FeatureWrapper)[pri:0, instance:Runner.Test_Runner@6574a52c]" started-at="2023-05-27T00:13:03 IST" name="runScenario" description="Runs Cucumber Scenarios" data-provider="scenarios" finished-at="2023-05-27T00:13:28 IST" duration-ms="24871" status="PASS">
          <params>
            <param index="0">
              <value>
                <![CDATA["verify Manage Extensions table header"]]>
              </value>
            </param>
            <param index="1">
              <value>
                <![CDATA["Optional[OpenMRS application]"]]>
              </value>
            </param>
          </params>
          <reporter-output>
          </reporter-output>
        </test-method> <!-- runScenario -->
        <test-method signature="runScenario(io.cucumber.testng.PickleWrapper,io.cucumber.testng.FeatureWrapper)[pri:0, instance:Runner.Test_Runner@6574a52c]" started-at="2023-05-27T00:13:28 IST" name="runScenario" description="Runs Cucumber Scenarios" data-provider="scenarios" finished-at="2023-05-27T00:13:46 IST" duration-ms="17693" status="PASS">
          <params>
            <param index="0">
              <value>
                <![CDATA["verify Manage Apps"]]>
              </value>
            </param>
            <param index="1">
              <value>
                <![CDATA["Optional[OpenMRS application]"]]>
              </value>
            </param>
          </params>
          <reporter-output>
          </reporter-output>
        </test-method> <!-- runScenario -->
        <test-method signature="runScenario(io.cucumber.testng.PickleWrapper,io.cucumber.testng.FeatureWrapper)[pri:0, instance:Runner.Test_Runner@6574a52c]" started-at="2023-05-27T00:13:46 IST" name="runScenario" description="Runs Cucumber Scenarios" data-provider="scenarios" finished-at="2023-05-27T00:14:04 IST" duration-ms="18184" status="PASS">
          <params>
            <param index="0">
              <value>
                <![CDATA["verify Manage Apps table header"]]>
              </value>
            </param>
            <param index="1">
              <value>
                <![CDATA["Optional[OpenMRS application]"]]>
              </value>
            </param>
          </params>
          <reporter-output>
          </reporter-output>
        </test-method> <!-- runScenario -->
        <test-method signature="runScenario(io.cucumber.testng.PickleWrapper,io.cucumber.testng.FeatureWrapper)[pri:0, instance:Runner.Test_Runner@6574a52c]" started-at="2023-05-27T00:14:04 IST" name="runScenario" description="Runs Cucumber Scenarios" data-provider="scenarios" finished-at="2023-05-27T00:14:19 IST" duration-ms="15367" status="PASS">
          <params>
            <param index="0">
              <value>
                <![CDATA["verify Manage Global Properties"]]>
              </value>
            </param>
            <param index="1">
              <value>
                <![CDATA["Optional[OpenMRS application]"]]>
              </value>
            </param>
          </params>
          <reporter-output>
          </reporter-output>
        </test-method> <!-- runScenario -->
        <test-method signature="runScenario(io.cucumber.testng.PickleWrapper,io.cucumber.testng.FeatureWrapper)[pri:0, instance:Runner.Test_Runner@6574a52c]" started-at="2023-05-27T00:14:19 IST" name="runScenario" description="Runs Cucumber Scenarios" data-provider="scenarios" finished-at="2023-05-27T00:14:36 IST" duration-ms="16441" status="PASS">
          <params>
            <param index="0">
              <value>
                <![CDATA["verify Manage Accounts"]]>
              </value>
            </param>
            <param index="1">
              <value>
                <![CDATA["Optional[OpenMRS application]"]]>
              </value>
            </param>
          </params>
          <reporter-output>
          </reporter-output>
        </test-method> <!-- runScenario -->
        <test-method signature="runScenario(io.cucumber.testng.PickleWrapper,io.cucumber.testng.FeatureWrapper)[pri:0, instance:Runner.Test_Runner@6574a52c]" started-at="2023-05-27T00:14:36 IST" name="runScenario" description="Runs Cucumber Scenarios" data-provider="scenarios" finished-at="2023-05-27T00:14:53 IST" duration-ms="16648" status="PASS">
          <params>
            <param index="0">
              <value>
                <![CDATA["verify Manage Accounts table header"]]>
              </value>
            </param>
            <param index="1">
              <value>
                <![CDATA["Optional[OpenMRS application]"]]>
              </value>
            </param>
          </params>
          <reporter-output>
          </reporter-output>
        </test-method> <!-- runScenario -->
        <test-method signature="runScenario(io.cucumber.testng.PickleWrapper,io.cucumber.testng.FeatureWrapper)[pri:0, instance:Runner.Test_Runner@6574a52c]" started-at="2023-05-27T00:14:53 IST" name="runScenario" description="Runs Cucumber Scenarios" data-provider="scenarios" finished-at="2023-05-27T00:15:11 IST" duration-ms="18302" status="PASS">
          <params>
            <param index="0">
              <value>
                <![CDATA["verify Style Guide"]]>
              </value>
            </param>
            <param index="1">
              <value>
                <![CDATA["Optional[OpenMRS application]"]]>
              </value>
            </param>
          </params>
          <reporter-output>
          </reporter-output>
        </test-method> <!-- runScenario -->
        <test-method signature="runScenario(io.cucumber.testng.PickleWrapper,io.cucumber.testng.FeatureWrapper)[pri:0, instance:Runner.Test_Runner@6574a52c]" started-at="2023-05-27T00:15:11 IST" name="runScenario" description="Runs Cucumber Scenarios" data-provider="scenarios" finished-at="2023-05-27T00:15:30 IST" duration-ms="19021" status="PASS">
          <params>
            <param index="0">
              <value>
                <![CDATA["verify Style Guide header"]]>
              </value>
            </param>
            <param index="1">
              <value>
                <![CDATA["Optional[OpenMRS application]"]]>
              </value>
            </param>
          </params>
          <reporter-output>
          </reporter-output>
        </test-method> <!-- runScenario -->
        <test-method signature="runScenario(io.cucumber.testng.PickleWrapper,io.cucumber.testng.FeatureWrapper)[pri:0, instance:Runner.Test_Runner@6574a52c]" started-at="2023-05-27T00:15:30 IST" name="runScenario" description="Runs Cucumber Scenarios" data-provider="scenarios" finished-at="2023-05-27T00:15:50 IST" duration-ms="20143" status="PASS">
          <params>
            <param index="0">
              <value>
                <![CDATA["verify Advanced Administration"]]>
              </value>
            </param>
            <param index="1">
              <value>
                <![CDATA["Optional[OpenMRS application]"]]>
              </value>
            </param>
          </params>
          <reporter-output>
          </reporter-output>
        </test-method> <!-- runScenario -->
        <test-method signature="runScenario(io.cucumber.testng.PickleWrapper,io.cucumber.testng.FeatureWrapper)[pri:0, instance:Runner.Test_Runner@6574a52c]" started-at="2023-05-27T00:15:50 IST" name="runScenario" description="Runs Cucumber Scenarios" data-provider="scenarios" finished-at="2023-05-27T00:16:10 IST" duration-ms="20229" status="PASS">
          <params>
            <param index="0">
              <value>
                <![CDATA["verify Advanced Administration"]]>
              </value>
            </param>
            <param index="1">
              <value>
                <![CDATA["Optional[OpenMRS application]"]]>
              </value>
            </param>
          </params>
          <reporter-output>
          </reporter-output>
        </test-method> <!-- runScenario -->
        <test-method signature="runScenario(io.cucumber.testng.PickleWrapper,io.cucumber.testng.FeatureWrapper)[pri:0, instance:Runner.Test_Runner@6574a52c]" started-at="2023-05-27T00:16:10 IST" name="runScenario" description="Runs Cucumber Scenarios" data-provider="scenarios" finished-at="2023-05-27T00:16:27 IST" duration-ms="16778" status="PASS">
          <params>
            <param index="0">
              <value>
                <![CDATA["login should be successfull"]]>
              </value>
            </param>
            <param index="1">
              <value>
                <![CDATA["Optional[OpenMRS loginpage application]"]]>
              </value>
            </param>
          </params>
          <reporter-output>
          </reporter-output>
        </test-method> <!-- runScenario -->
        <test-method signature="runScenario(io.cucumber.testng.PickleWrapper,io.cucumber.testng.FeatureWrapper)[pri:0, instance:Runner.Test_Runner@6574a52c]" started-at="2023-05-27T00:16:27 IST" name="runScenario" description="Runs Cucumber Scenarios" data-provider="scenarios" finished-at="2023-05-27T00:16:39 IST" duration-ms="11629" status="PASS">
          <params>
            <param index="0">
              <value>
                <![CDATA["login should be Failed"]]>
              </value>
            </param>
            <param index="1">
              <value>
                <![CDATA["Optional[OpenMRS loginpage application]"]]>
              </value>
            </param>
          </params>
          <reporter-output>
          </reporter-output>
        </test-method> <!-- runScenario -->
        <test-method signature="runScenario(io.cucumber.testng.PickleWrapper,io.cucumber.testng.FeatureWrapper)[pri:0, instance:Runner.Test_Runner@6574a52c]" started-at="2023-05-27T00:16:39 IST" name="runScenario" description="Runs Cucumber Scenarios" data-provider="scenarios" finished-at="2023-05-27T00:16:52 IST" duration-ms="13083" status="PASS">
          <params>
            <param index="0">
              <value>
                <![CDATA["login should be Failed"]]>
              </value>
            </param>
            <param index="1">
              <value>
                <![CDATA["Optional[OpenMRS loginpage application]"]]>
              </value>
            </param>
          </params>
          <reporter-output>
          </reporter-output>
        </test-method> <!-- runScenario -->
        <test-method signature="runScenario(io.cucumber.testng.PickleWrapper,io.cucumber.testng.FeatureWrapper)[pri:0, instance:Runner.Test_Runner@6574a52c]" started-at="2023-05-27T00:16:52 IST" name="runScenario" description="Runs Cucumber Scenarios" data-provider="scenarios" finished-at="2023-05-27T00:17:04 IST" duration-ms="12455" status="PASS">
          <params>
            <param index="0">
              <value>
                <![CDATA["login should be Failed"]]>
              </value>
            </param>
            <param index="1">
              <value>
                <![CDATA["Optional[OpenMRS loginpage application]"]]>
              </value>
            </param>
          </params>
          <reporter-output>
          </reporter-output>
        </test-method> <!-- runScenario -->
        <test-method signature="runScenario(io.cucumber.testng.PickleWrapper,io.cucumber.testng.FeatureWrapper)[pri:0, instance:Runner.Test_Runner@6574a52c]" started-at="2023-05-27T00:17:04 IST" name="runScenario" description="Runs Cucumber Scenarios" data-provider="scenarios" finished-at="2023-05-27T00:17:15 IST" duration-ms="11251" status="PASS">
          <params>
            <param index="0">
              <value>
                <![CDATA["Location for this session"]]>
              </value>
            </param>
            <param index="1">
              <value>
                <![CDATA["Optional[OpenMRS loginpage application]"]]>
              </value>
            </param>
          </params>
          <reporter-output>
          </reporter-output>
        </test-method> <!-- runScenario -->
        <test-method signature="runScenario(io.cucumber.testng.PickleWrapper,io.cucumber.testng.FeatureWrapper)[pri:0, instance:Runner.Test_Runner@6574a52c]" started-at="2023-05-27T00:17:15 IST" name="runScenario" description="Runs Cucumber Scenarios" data-provider="scenarios" finished-at="2023-05-27T00:17:26 IST" duration-ms="10787" status="PASS">
          <params>
            <param index="0">
              <value>
                <![CDATA["login should be fail"]]>
              </value>
            </param>
            <param index="1">
              <value>
                <![CDATA["Optional[OpenMRS loginpage application]"]]>
              </value>
            </param>
          </params>
          <reporter-output>
          </reporter-output>
        </test-method> <!-- runScenario -->
        <test-method signature="runScenario(io.cucumber.testng.PickleWrapper,io.cucumber.testng.FeatureWrapper)[pri:0, instance:Runner.Test_Runner@6574a52c]" started-at="2023-05-27T00:17:26 IST" name="runScenario" description="Runs Cucumber Scenarios" data-provider="scenarios" finished-at="2023-05-27T00:17:40 IST" duration-ms="13709" status="PASS">
          <params>
            <param index="0">
              <value>
                <![CDATA["Location for the  particular session"]]>
              </value>
            </param>
            <param index="1">
              <value>
                <![CDATA["Optional[OpenMRS loginpage application]"]]>
              </value>
            </param>
          </params>
          <reporter-output>
          </reporter-output>
        </test-method> <!-- runScenario -->
        <test-method signature="runScenario(io.cucumber.testng.PickleWrapper,io.cucumber.testng.FeatureWrapper)[pri:0, instance:Runner.Test_Runner@6574a52c]" started-at="2023-05-27T00:17:40 IST" name="runScenario" description="Runs Cucumber Scenarios" data-provider="scenarios" finished-at="2023-05-27T00:17:52 IST" duration-ms="11563" status="PASS">
          <params>
            <param index="0">
              <value>
                <![CDATA["verify cannot link button"]]>
              </value>
            </param>
            <param index="1">
              <value>
                <![CDATA["Optional[OpenMRS loginpage application]"]]>
              </value>
            </param>
          </params>
          <reporter-output>
          </reporter-output>
        </test-method> <!-- runScenario -->
        <test-method signature="runScenario(io.cucumber.testng.PickleWrapper,io.cucumber.testng.FeatureWrapper)[pri:0, instance:Runner.Test_Runner@6574a52c]" started-at="2023-05-27T00:17:52 IST" name="runScenario" description="Runs Cucumber Scenarios" data-provider="scenarios" finished-at="2023-05-27T00:18:07 IST" duration-ms="15065" status="PASS">
          <params>
            <param index="0">
              <value>
                <![CDATA["verify Location for the session"]]>
              </value>
            </param>
            <param index="1">
              <value>
                <![CDATA["Optional[OpenMRS loginpage application]"]]>
              </value>
            </param>
          </params>
          <reporter-output>
          </reporter-output>
        </test-method> <!-- runScenario -->
        <test-method signature="runScenario(io.cucumber.testng.PickleWrapper,io.cucumber.testng.FeatureWrapper)[pri:0, instance:Runner.Test_Runner@6574a52c]" started-at="2023-05-27T00:18:07 IST" name="runScenario" description="Runs Cucumber Scenarios" data-provider="scenarios" finished-at="2023-05-27T00:18:26 IST" duration-ms="19493" status="PASS">
          <params>
            <param index="0">
              <value>
                <![CDATA["verify Location for the session"]]>
              </value>
            </param>
            <param index="1">
              <value>
                <![CDATA["Optional[OpenMRS loginpage application]"]]>
              </value>
            </param>
          </params>
          <reporter-output>
          </reporter-output>
        </test-method> <!-- runScenario -->
        <test-method signature="runScenario(io.cucumber.testng.PickleWrapper,io.cucumber.testng.FeatureWrapper)[pri:0, instance:Runner.Test_Runner@6574a52c]" started-at="2023-05-27T00:18:26 IST" name="runScenario" description="Runs Cucumber Scenarios" data-provider="scenarios" finished-at="2023-05-27T00:18:41 IST" duration-ms="14910" status="PASS">
          <params>
            <param index="0">
              <value>
                <![CDATA["verify Location for the session"]]>
              </value>
            </param>
            <param index="1">
              <value>
                <![CDATA["Optional[OpenMRS loginpage application]"]]>
              </value>
            </param>
          </params>
          <reporter-output>
          </reporter-output>
        </test-method> <!-- runScenario -->
        <test-method signature="runScenario(io.cucumber.testng.PickleWrapper,io.cucumber.testng.FeatureWrapper)[pri:0, instance:Runner.Test_Runner@6574a52c]" started-at="2023-05-27T00:18:41 IST" name="runScenario" description="Runs Cucumber Scenarios" data-provider="scenarios" finished-at="2023-05-27T00:18:56 IST" duration-ms="14967" status="PASS">
          <params>
            <param index="0">
              <value>
                <![CDATA["verify Location for the session"]]>
              </value>
            </param>
            <param index="1">
              <value>
                <![CDATA["Optional[OpenMRS loginpage application]"]]>
              </value>
            </param>
          </params>
          <reporter-output>
          </reporter-output>
        </test-method> <!-- runScenario -->
        <test-method signature="runScenario(io.cucumber.testng.PickleWrapper,io.cucumber.testng.FeatureWrapper)[pri:0, instance:Runner.Test_Runner@6574a52c]" started-at="2023-05-27T00:18:56 IST" name="runScenario" description="Runs Cucumber Scenarios" data-provider="scenarios" finished-at="2023-05-27T00:19:10 IST" duration-ms="14404" status="PASS">
          <params>
            <param index="0">
              <value>
                <![CDATA["verify Location for the session"]]>
              </value>
            </param>
            <param index="1">
              <value>
                <![CDATA["Optional[OpenMRS loginpage application]"]]>
              </value>
            </param>
          </params>
          <reporter-output>
          </reporter-output>
        </test-method> <!-- runScenario -->
        <test-method signature="runScenario(io.cucumber.testng.PickleWrapper,io.cucumber.testng.FeatureWrapper)[pri:0, instance:Runner.Test_Runner@6574a52c]" started-at="2023-05-27T00:19:10 IST" name="runScenario" description="Runs Cucumber Scenarios" data-provider="scenarios" finished-at="2023-05-27T00:19:23 IST" duration-ms="12184" status="PASS">
          <params>
            <param index="0">
              <value>
                <![CDATA["verify Location for the session"]]>
              </value>
            </param>
            <param index="1">
              <value>
                <![CDATA["Optional[OpenMRS loginpage application]"]]>
              </value>
            </param>
          </params>
          <reporter-output>
          </reporter-output>
        </test-method> <!-- runScenario -->
        <test-method signature="runScenario(io.cucumber.testng.PickleWrapper,io.cucumber.testng.FeatureWrapper)[pri:0, instance:Runner.Test_Runner@6574a52c]" started-at="2023-05-27T00:19:23 IST" name="runScenario" description="Runs Cucumber Scenarios" data-provider="scenarios" finished-at="2023-05-27T00:19:41 IST" duration-ms="18717" status="PASS">
          <params>
            <param index="0">
              <value>
                <![CDATA["verify Logut success"]]>
              </value>
            </param>
            <param index="1">
              <value>
                <![CDATA["Optional[OpenMRS loginpage application]"]]>
              </value>
            </param>
          </params>
          <reporter-output>
          </reporter-output>
        </test-method> <!-- runScenario -->
        <test-method is-config="true" signature="tearDownClass()[pri:0, instance:Runner.Test_Runner@6574a52c]" started-at="2023-05-27T00:19:41 IST" name="tearDownClass" finished-at="2023-05-27T00:20:03 IST" duration-ms="21987" status="PASS">
          <reporter-output>
          </reporter-output>
        </test-method> <!-- tearDownClass -->
      </class> <!-- Runner.Test_Runner -->
    </test> <!-- Default test -->
  </suite> <!-- Default suite -->
</testng-results>
